current directory: /var/www/rails-api/vender/bundle/ruby/2.7.0/gems/therubyracer-0.12.3/ext/v8
/usr/local/rbenv/versions/2.7.1/bin/ruby -I /usr/local/rbenv/versions/2.7.1/lib/ruby/2.7.0 -r ./siteconf20200425-18265-1g78kk7.rb extconf.rb
checking for -lpthread... yes
creating Makefile

current directory: /var/www/rails-api/vender/bundle/ruby/2.7.0/gems/therubyracer-0.12.3/ext/v8
make "DESTDIR=" clean

current directory: /var/www/rails-api/vender/bundle/ruby/2.7.0/gems/therubyracer-0.12.3/ext/v8
make "DESTDIR="
compiling accessor.cc
compiling array.cc
compiling backref.cc
compiling constants.cc
compiling constraints.cc
compiling context.cc
compiling date.cc
compiling exception.cc
compiling external.cc
compiling function.cc
compiling gc.cc
compiling handles.cc
compiling heap.cc
compiling init.cc
compiling invocation.cc
compiling locker.cc
compiling message.cc
compiling object.cc
compiling primitive.cc
compiling rr.cc
compiling script.cc
compiling signature.cc
compiling stack.cc
compiling string.cc
compiling template.cc
compiling trycatch.cc
compiling v8.cc
compiling value.cc
linking shared-object v8/init.so

current directory: /var/www/rails-api/vender/bundle/ruby/2.7.0/gems/therubyracer-0.12.3/ext/v8
make "DESTDIR=" install
/usr/bin/install -c -m 0755 init.so ./.gem.20200425-18265-a1bt4u/v8
